<?xml version="1.0" encoding="UTF-8"?>
<!-- Generated by org.testng.reporters.JUnitXMLReporter -->
<testsuite ignored="0" hostname="UmaAshokPrabhu" failures="0" tests="1" name="Default test" time="0.763" errors="0" timestamp="30 Mar 2021 13:21:50 GMT">
  <testcase classname="cucumber.api.testng.AbstractTestNGCucumberTests" name="@AfterClass tearDownClass" time="0.078">
    <failure type="java.lang.NullPointerException">
      <![CDATA[java.lang.NullPointerException
at com.relevantcodes.extentreports.Report.terminate(Report.java:417)
at com.relevantcodes.extentreports.ExtentReports.close(ExtentReports.java:919)
at com.cucumber.listener.ExtentCucumberFormatter.close(ExtentCucumberFormatter.java:220)
at java.base/jdk.internal.reflect.NativeMethodAccessorImpl.invoke0(Native Method)
at java.base/jdk.internal.reflect.NativeMethodAccessorImpl.invoke(NativeMethodAccessorImpl.java:62)
at java.base/jdk.internal.reflect.DelegatingMethodAccessorImpl.invoke(DelegatingMethodAccessorImpl.java:43)
at java.base/java.lang.reflect.Method.invoke(Method.java:567)
at cucumber.runtime.Utils$1.call(Utils.java:37)
at cucumber.runtime.Timeout.timeout(Timeout.java:13)
at cucumber.runtime.Utils.invoke(Utils.java:31)
at cucumber.runtime.RuntimeOptions$1.invoke(RuntimeOptions.java:290)
at com.sun.proxy.$Proxy20.close(Unknown Source)
at cucumber.api.testng.TestNGCucumberRunner.finish(TestNGCucumberRunner.java:77)
at cucumber.api.testng.AbstractTestNGCucumberTests.tearDownClass(AbstractTestNGCucumberTests.java:34)
at java.base/jdk.internal.reflect.NativeMethodAccessorImpl.invoke0(Native Method)
at java.base/jdk.internal.reflect.NativeMethodAccessorImpl.invoke(NativeMethodAccessorImpl.java:62)
at java.base/jdk.internal.reflect.DelegatingMethodAccessorImpl.invoke(DelegatingMethodAccessorImpl.java:43)
at java.base/java.lang.reflect.Method.invoke(Method.java:567)
at org.testng.internal.MethodInvocationHelper.invokeMethod(MethodInvocationHelper.java:124)
at org.testng.internal.MethodInvocationHelper.invokeMethodConsideringTimeout(MethodInvocationHelper.java:59)
at org.testng.internal.Invoker.invokeConfigurationMethod(Invoker.java:458)
at org.testng.internal.Invoker.invokeConfigurations(Invoker.java:222)
at org.testng.internal.Invoker.invokeConfigurations(Invoker.java:142)
at org.testng.internal.TestMethodWorker.invokeAfterClassMethods(TestMethodWorker.java:214)
at org.testng.internal.TestMethodWorker.run(TestMethodWorker.java:111)
at org.testng.TestRunner.privateRun(TestRunner.java:648)
at org.testng.TestRunner.run(TestRunner.java:505)
at org.testng.SuiteRunner.runTest(SuiteRunner.java:455)
at org.testng.SuiteRunner.runSequentially(SuiteRunner.java:450)
at org.testng.SuiteRunner.privateRun(SuiteRunner.java:415)
at org.testng.SuiteRunner.run(SuiteRunner.java:364)
at org.testng.SuiteRunnerWorker.runSuite(SuiteRunnerWorker.java:52)
at org.testng.SuiteRunnerWorker.run(SuiteRunnerWorker.java:84)
at org.testng.TestNG.runSuitesSequentially(TestNG.java:1208)
at org.testng.TestNG.runSuitesLocally(TestNG.java:1137)
at org.testng.TestNG.runSuites(TestNG.java:1049)
at org.testng.TestNG.run(TestNG.java:1017)
at org.testng.remote.AbstractRemoteTestNG.run(AbstractRemoteTestNG.java:115)
at org.testng.remote.RemoteTestNG.initAndRun(RemoteTestNG.java:251)
at org.testng.remote.RemoteTestNG.main(RemoteTestNG.java:77)
]]>
    </failure>
  </testcase> <!-- @AfterClass tearDownClass -->
  <testcase classname="cucumber.api.testng.AbstractTestNGCucumberTests" name="feature" time="0.0">
    <skipped/>
  </testcase> <!-- feature -->
</testsuite> <!-- Default test -->
