<?xml version="1.0" encoding="UTF-8"?>
<!-- Generated by org.testng.reporters.JUnitXMLReporter -->
<testsuite ignored="0" hostname="UmaAshokPrabhu" failures="0" tests="2" name="adidas Demo Test" time="160.278" errors="0" timestamp="01 Apr 2021 14:34:46 GMT">
  <testcase classname="cucumber.api.testng.AbstractTestNGCucumberTests" name="feature" time="107.68"/>
  <testcase classname="cucumber.api.testng.AbstractTestNGCucumberTests" name="feature" time="51.845"/>
</testsuite> <!-- adidas Demo Test -->
